<?xml version='1.0' encoding='UTF-8' ?>
<testsuite name="" tests="11" failures="0" errors="0" skipped="0" time="3.955" timestamp="2020-06-12T10:44:56" hostname="localhost">
  <properties />
  <testcase name="testBar" classname="com.example.test_app.bar.BarInstrumentedTest" time="1.209" />
  <testcase name="test0" classname="com.example.test_app.InstrumentedTest" time="0.277" />
  <testcase name="test1" classname="com.example.test_app.InstrumentedTest" time="0.253" />
  <testcase name="test2" classname="com.example.test_app.InstrumentedTest" time="0.226" />
  <testcase name="clickRightButton[0]" classname="com.example.test_app.parametrized.EspressoParametrizedClassTestParameterized" time="0.353" />
  <testcase name="clickRightButton[1]" classname="com.example.test_app.parametrized.EspressoParametrizedClassTestParameterized" time="0.201" />
  <testcase name="clickRightButton[2]" classname="com.example.test_app.parametrized.EspressoParametrizedClassTestParameterized" time="0.228" />
  <testcase name="shouldHopefullyPass[0]" classname="com.example.test_app.ParameterizedTest" time="0.0" />
  <testcase name="shouldHopefullyPass[1]" classname="com.example.test_app.ParameterizedTest" time="0.025" />
  <testcase name="shouldHopefullyPass[2]" classname="com.example.test_app.ParameterizedTest" time="0.0" />
  <testcase name="testFoo" classname="com.example.test_app.foo.FooInstrumentedTest" time="0.227" />
</testsuite>