<?xml version='1.0' encoding='UTF-8' ?>
<testsuites>
  <testsuite name="NexusLowRes-28-en-portrait" tests="17" failures="3" flakes="0" errors="0" skipped="0" time="31.260" timestamp="2020-06-11T11:45:28" hostname="localhost">
    <testcase name="null" classname="toast) [0]" time="1.262">
      <failure>java.lang.ClassNotFoundException: Invalid name:  toast) [0]
at java.lang.Class.classForName(Native Method)
at java.lang.Class.forName(Class.java:453)
at androidx.test.internal.runner.TestLoader.doCreateRunner(TestLoader.java:72)
at androidx.test.internal.runner.TestLoader.getRunnersFor(TestLoader.java:105)
at androidx.test.internal.runner.TestRequestBuilder.build(TestRequestBuilder.java:804)
at androidx.test.runner.AndroidJUnitRunner.buildRequest(AndroidJUnitRunner.java:575)
at androidx.test.runner.AndroidJUnitRunner.onStart(AndroidJUnitRunner.java:393)
at android.app.Instrumentation$InstrumentationThread.run(Instrumentation.java:2145)
</failure>
      <webLink>https://console.firebase.google.com/project/flank-open-source/testlab/histories/bh.da0c237aaa33732/matrices/5275106389338945148/executions/bs.e21e5e5f5b626dcd/testcases/2</webLink>
    </testcase>
    <testcase name="null" classname="alert) [1]" time="1.287">
      <failure>java.lang.ClassNotFoundException: Invalid name:  alert) [1]
at java.lang.Class.classForName(Native Method)
at java.lang.Class.forName(Class.java:453)
at androidx.test.internal.runner.TestLoader.doCreateRunner(TestLoader.java:72)
at androidx.test.internal.runner.TestLoader.getRunnersFor(TestLoader.java:105)
at androidx.test.internal.runner.TestRequestBuilder.build(TestRequestBuilder.java:804)
at androidx.test.runner.AndroidJUnitRunner.buildRequest(AndroidJUnitRunner.java:575)
at androidx.test.runner.AndroidJUnitRunner.onStart(AndroidJUnitRunner.java:393)
at android.app.Instrumentation$InstrumentationThread.run(Instrumentation.java:2145)
</failure>
      <webLink>https://console.firebase.google.com/project/flank-open-source/testlab/histories/bh.da0c237aaa33732/matrices/5275106389338945148/executions/bs.e21e5e5f5b626dcd/testcases/3</webLink>
    </testcase>
    <testcase name="null" classname="exception) [2]" time="1.262">
      <failure>java.lang.ClassNotFoundException: Invalid name:  exception) [2]
at java.lang.Class.classForName(Native Method)
at java.lang.Class.forName(Class.java:453)
at androidx.test.internal.runner.TestLoader.doCreateRunner(TestLoader.java:72)
at androidx.test.internal.runner.TestLoader.getRunnersFor(TestLoader.java:105)
at androidx.test.internal.runner.TestRequestBuilder.build(TestRequestBuilder.java:804)
at androidx.test.runner.AndroidJUnitRunner.buildRequest(AndroidJUnitRunner.java:575)
at androidx.test.runner.AndroidJUnitRunner.onStart(AndroidJUnitRunner.java:393)
at android.app.Instrumentation$InstrumentationThread.run(Instrumentation.java:2145)
</failure>
      <webLink>https://console.firebase.google.com/project/flank-open-source/testlab/histories/bh.da0c237aaa33732/matrices/5275106389338945148/executions/bs.e21e5e5f5b626dcd/testcases/4</webLink>
    </testcase>
    <testcase name="testBar" classname="com.example.test_app.bar.BarInstrumentedTest" time="2.526"/>
    <testcase name="test0" classname="com.example.test_app.InstrumentedTest" time="2.151"/>
    <testcase name="test1" classname="com.example.test_app.InstrumentedTest" time="2.094"/>
    <testcase name="test2" classname="com.example.test_app.InstrumentedTest" time="2.145"/>
    <testcase name="clickRightButton[0]" classname="com.example.test_app.parametrized.EspressoParametrizedClassTestParameterized" time="2.194"/>
    <testcase name="clickRightButton[1]" classname="com.example.test_app.parametrized.EspressoParametrizedClassTestParameterized" time="2.097"/>
    <testcase name="clickRightButton[2]" classname="com.example.test_app.parametrized.EspressoParametrizedClassTestParameterized" time="2.094"/>
    <testcase name="testFoo" classname="com.example.test_app.foo.FooInstrumentedTest" time="2.020"/>
    <testcase name="shouldHopefullyPass[0]" classname="com.example.test_app.ParameterizedTest" time="1.262"/>
    <testcase name="shouldHopefullyPass[1]" classname="com.example.test_app.ParameterizedTest" time="1.262"/>
    <testcase name="shouldHopefullyPass[2]" classname="com.example.test_app.ParameterizedTest" time="1.313"/>
    <testcase name="clickRightButton[0: toast toast]" classname="com.example.test_app.parametrized.EspressoParametrizedClassParameterizedNamed" time="2.098"/>
    <testcase name="clickRightButton[1: alert alert]" classname="com.example.test_app.parametrized.EspressoParametrizedClassParameterizedNamed" time="2.120"/>
    <testcase name="clickRightButton[2: exception exception]" classname="com.example.test_app.parametrized.EspressoParametrizedClassParameterizedNamed" time="2.071"/>
  </testsuite>
</testsuites>
