<?xml version='1.0' encoding='UTF-8' ?>
<testsuite name="" tests="5" failures="0" errors="0" skipped="0" time="1.469" timestamp="2020-06-10T18:12:40" hostname="localhost">
  <properties />
  <testcase name="test1" classname="com.example.test_app.InstrumentedTest" time="0.986" />
  <testcase name="test2" classname="com.example.test_app.InstrumentedTest" time="0.202" />
  <testcase name="shouldHopefullyPass[0]" classname="com.example.test_app.ParameterizedTest" time="0.0" />
  <testcase name="shouldHopefullyPass[1]" classname="com.example.test_app.ParameterizedTest" time="0.0" />
  <testcase name="shouldHopefullyPass[2]" classname="com.example.test_app.ParameterizedTest" time="0.0" />
</testsuite>
