<?xml version='1.0' encoding='UTF-8' ?>
<testsuite name="" tests="11" failures="0" errors="0" skipped="0" time="2.938" timestamp="2020-06-10T23:24:57" hostname="localhost">
  <properties />
  <testcase name="testBar" classname="com.example.test_app.bar.BarInstrumentedTest" time="0.931" />
  <testcase name="test0" classname="com.example.test_app.InstrumentedTest" time="0.177" />
  <testcase name="test1" classname="com.example.test_app.InstrumentedTest" time="0.151" />
  <testcase name="test2" classname="com.example.test_app.InstrumentedTest" time="0.202" />
  <testcase name="clickRightButton[0]" classname="com.example.test_app.parametrized.EspressoParametrizedClassTestParameterized" time="0.252" />
  <testcase name="clickRightButton[1]" classname="com.example.test_app.parametrized.EspressoParametrizedClassTestParameterized" time="0.177" />
  <testcase name="clickRightButton[2]" classname="com.example.test_app.parametrized.EspressoParametrizedClassTestParameterized" time="0.101" />
  <testcase name="shouldHopefullyPass[0]" classname="com.example.test_app.ParameterizedTest" time="0.0" />
  <testcase name="shouldHopefullyPass[1]" classname="com.example.test_app.ParameterizedTest" time="0.0" />
  <testcase name="shouldHopefullyPass[2]" classname="com.example.test_app.ParameterizedTest" time="0.0" />
  <testcase name="testFoo" classname="com.example.test_app.foo.FooInstrumentedTest" time="0.201" />
</testsuite>