<?xml version='1.0' encoding='UTF-8' ?>
<testsuite name="" tests="8" failures="3" errors="0" skipped="0" time="23.526" timestamp="2020-06-10T22:48:05" hostname="localhost">
  <properties />
  <testcase name="testBar" classname="com.example.test_app.bar.BarInstrumentedTest" time="1.034" />
  <testcase name="" classname="toast) [0]" time="0.025">
    <failure>java.lang.ClassNotFoundException: Invalid name:  toast) [0]
at java.lang.Class.classForName(Native Method)
at java.lang.Class.forName(Class.java:453)
at androidx.test.internal.runner.TestLoader.doCreateRunner(TestLoader.java:72)
at androidx.test.internal.runner.TestLoader.getRunnersFor(TestLoader.java:104)
at androidx.test.internal.runner.TestRequestBuilder.build(TestRequestBuilder.java:793)
at androidx.test.runner.AndroidJUnitRunner.buildRequest(AndroidJUnitRunner.java:547)
at androidx.test.runner.AndroidJUnitRunner.onStart(AndroidJUnitRunner.java:390)
at android.app.Instrumentation$InstrumentationThread.run(Instrumentation.java:2145)
</failure>
  </testcase>
  <testcase name="" classname="alert) [1]" time="0.026">
    <failure>java.lang.ClassNotFoundException: Invalid name:  alert) [1]
at java.lang.Class.classForName(Native Method)
at java.lang.Class.forName(Class.java:453)
at androidx.test.internal.runner.TestLoader.doCreateRunner(TestLoader.java:72)
at androidx.test.internal.runner.TestLoader.getRunnersFor(TestLoader.java:104)
at androidx.test.internal.runner.TestRequestBuilder.build(TestRequestBuilder.java:793)
at androidx.test.runner.AndroidJUnitRunner.buildRequest(AndroidJUnitRunner.java:547)
at androidx.test.runner.AndroidJUnitRunner.onStart(AndroidJUnitRunner.java:390)
at android.app.Instrumentation$InstrumentationThread.run(Instrumentation.java:2145)
</failure>
  </testcase>
  <testcase name="" classname="exception) [2]" time="0.0">
    <failure>java.lang.ClassNotFoundException: Invalid name:  exception) [2]
at java.lang.Class.classForName(Native Method)
at java.lang.Class.forName(Class.java:453)
at androidx.test.internal.runner.TestLoader.doCreateRunner(TestLoader.java:72)
at androidx.test.internal.runner.TestLoader.getRunnersFor(TestLoader.java:104)
at androidx.test.internal.runner.TestRequestBuilder.build(TestRequestBuilder.java:793)
at androidx.test.runner.AndroidJUnitRunner.buildRequest(AndroidJUnitRunner.java:547)
at androidx.test.runner.AndroidJUnitRunner.onStart(AndroidJUnitRunner.java:390)
at android.app.Instrumentation$InstrumentationThread.run(Instrumentation.java:2145)
</failure>
  </testcase>
  <testcase name="test0" classname="com.example.test_app.InstrumentedTest" time="1.067" />
  <testcase name="test1" classname="com.example.test_app.InstrumentedTest" time="1.236" />
  <testcase name="test2" classname="com.example.test_app.InstrumentedTest" time="0.833" />
  <testcase name="testFoo" classname="com.example.test_app.foo.FooInstrumentedTest" time="0.858" />
</testsuite>