<?xml version='1.0' encoding='UTF-8' ?>
<testsuite name="" tests="17" failures="0" errors="0" skipped="0" time="4.856" timestamp="2020-06-10T23:09:51" hostname="localhost">
  <properties />
  <testcase name="test0" classname="com.example.test_app.InstrumentedTest" time="0.982" />
  <testcase name="test1" classname="com.example.test_app.InstrumentedTest" time="0.252" />
  <testcase name="test2" classname="com.example.test_app.InstrumentedTest" time="0.176" />
  <testcase name="shouldHopefullyPass[0]" classname="com.example.test_app.ParameterizedTest" time="0.0" />
  <testcase name="shouldHopefullyPass[1]" classname="com.example.test_app.ParameterizedTest" time="0.0" />
  <testcase name="shouldHopefullyPass[2]" classname="com.example.test_app.ParameterizedTest" time="0.0" />
  <testcase name="testBar" classname="com.example.test_app.bar.BarInstrumentedTest" time="0.226" />
  <testcase name="testFoo" classname="com.example.test_app.foo.FooInstrumentedTest" time="0.252" />
  <testcase name="clickRightButton[0]" classname="com.example.test_app.parametrized.EspressoParametrizedClassTestParameterized" time="0.227" />
  <testcase name="clickRightButton[1]" classname="com.example.test_app.parametrized.EspressoParametrizedClassTestParameterized" time="0.253" />
  <testcase name="clickRightButton[2]" classname="com.example.test_app.parametrized.EspressoParametrizedClassTestParameterized" time="0.227" />
  <testcase name="clickRightButtonFromMethod(toast, toast) [0]" classname="com.example.test_app.parametrized.EspressoParametrizedMethodTestJUnitParamsRunner" time="0.227" />
  <testcase name="clickRightButtonFromMethod(alert, alert) [1]" classname="com.example.test_app.parametrized.EspressoParametrizedMethodTestJUnitParamsRunner" time="0.252" />
  <testcase name="clickRightButtonFromMethod(exception, exception) [2]" classname="com.example.test_app.parametrized.EspressoParametrizedMethodTestJUnitParamsRunner" time="0.176" />
  <testcase name="clickRightButtonFromAnnotation(toast, toast) [0]" classname="com.example.test_app.parametrized.EspressoParametrizedMethodTestJUnitParamsRunner" time="0.177" />
  <testcase name="clickRightButtonFromAnnotation(alert, alert) [1]" classname="com.example.test_app.parametrized.EspressoParametrizedMethodTestJUnitParamsRunner" time="0.126" />
  <testcase name="clickRightButtonFromAnnotation(exception, exception) [2]" classname="com.example.test_app.parametrized.EspressoParametrizedMethodTestJUnitParamsRunner" time="0.202" />
</testsuite>