<?xml version='1.0' encoding='UTF-8' ?>
<testsuite name="" tests="5" failures="0" errors="0" skipped="0" time="1.739" timestamp="2020-06-10T18:12:24" hostname="localhost">
  <properties />
  <testcase name="testBar" classname="com.example.test_app.bar.BarInstrumentedTest" time="1.11" />
  <testcase name="test0" classname="com.example.test_app.InstrumentedTest" time="0.252" />
  <testcase name="shouldHopefullyPass[0]" classname="com.example.test_app.ParameterizedTest" time="0.0" />
  <testcase name="shouldHopefullyPass[1]" classname="com.example.test_app.ParameterizedTest" time="0.0" />
  <testcase name="shouldHopefullyPass[2]" classname="com.example.test_app.ParameterizedTest" time="0.0" />
</testsuite>
