<?xml version='1.0' encoding='UTF-8' ?>
<testsuite name="" tests="17" failures="3" errors="0" skipped="0" time="31.26" timestamp="2020-06-11T11:45:58" hostname="localhost">
  <properties />
  <testcase name="testBar" classname="com.example.test_app.bar.BarInstrumentedTest" time="1.264" />
  <testcase name="" classname="toast) [0]" time="0.0">
    <failure>java.lang.ClassNotFoundException: Invalid name:  toast) [0]
at java.lang.Class.classForName(Native Method)
at java.lang.Class.forName(Class.java:453)
at androidx.test.internal.runner.TestLoader.doCreateRunner(TestLoader.java:72)
at androidx.test.internal.runner.TestLoader.getRunnersFor(TestLoader.java:105)
at androidx.test.internal.runner.TestRequestBuilder.build(TestRequestBuilder.java:804)
at androidx.test.runner.AndroidJUnitRunner.buildRequest(AndroidJUnitRunner.java:575)
at androidx.test.runner.AndroidJUnitRunner.onStart(AndroidJUnitRunner.java:393)
at android.app.Instrumentation$InstrumentationThread.run(Instrumentation.java:2145)
</failure>
  </testcase>
  <testcase name="" classname="alert) [1]" time="0.025">
    <failure>java.lang.ClassNotFoundException: Invalid name:  alert) [1]
at java.lang.Class.classForName(Native Method)
at java.lang.Class.forName(Class.java:453)
at androidx.test.internal.runner.TestLoader.doCreateRunner(TestLoader.java:72)
at androidx.test.internal.runner.TestLoader.getRunnersFor(TestLoader.java:105)
at androidx.test.internal.runner.TestRequestBuilder.build(TestRequestBuilder.java:804)
at androidx.test.runner.AndroidJUnitRunner.buildRequest(AndroidJUnitRunner.java:575)
at androidx.test.runner.AndroidJUnitRunner.onStart(AndroidJUnitRunner.java:393)
at android.app.Instrumentation$InstrumentationThread.run(Instrumentation.java:2145)
</failure>
  </testcase>
  <testcase name="" classname="exception) [2]" time="0.0">
    <failure>java.lang.ClassNotFoundException: Invalid name:  exception) [2]
at java.lang.Class.classForName(Native Method)
at java.lang.Class.forName(Class.java:453)
at androidx.test.internal.runner.TestLoader.doCreateRunner(TestLoader.java:72)
at androidx.test.internal.runner.TestLoader.getRunnersFor(TestLoader.java:105)
at androidx.test.internal.runner.TestRequestBuilder.build(TestRequestBuilder.java:804)
at androidx.test.runner.AndroidJUnitRunner.buildRequest(AndroidJUnitRunner.java:575)
at androidx.test.runner.AndroidJUnitRunner.onStart(AndroidJUnitRunner.java:393)
at android.app.Instrumentation$InstrumentationThread.run(Instrumentation.java:2145)
</failure>
  </testcase>
  <testcase name="test0" classname="com.example.test_app.InstrumentedTest" time="0.889" />
  <testcase name="test1" classname="com.example.test_app.InstrumentedTest" time="0.832" />
  <testcase name="test2" classname="com.example.test_app.InstrumentedTest" time="0.883" />
  <testcase name="clickRightButton[0]" classname="com.example.test_app.parametrized.EspressoParametrizedClassTestParameterized" time="0.932" />
  <testcase name="clickRightButton[1]" classname="com.example.test_app.parametrized.EspressoParametrizedClassTestParameterized" time="0.835" />
  <testcase name="clickRightButton[2]" classname="com.example.test_app.parametrized.EspressoParametrizedClassTestParameterized" time="0.832" />
  <testcase name="testFoo" classname="com.example.test_app.foo.FooInstrumentedTest" time="0.758" />
  <testcase name="shouldHopefullyPass[0]" classname="com.example.test_app.ParameterizedTest" time="0.0" />
  <testcase name="shouldHopefullyPass[1]" classname="com.example.test_app.ParameterizedTest" time="0.0" />
  <testcase name="shouldHopefullyPass[2]" classname="com.example.test_app.ParameterizedTest" time="0.051" />
  <testcase name="clickRightButton[0: toast toast]" classname="com.example.test_app.parametrized.EspressoParametrizedClassParameterizedNamed" time="0.836" />
  <testcase name="clickRightButton[1: alert alert]" classname="com.example.test_app.parametrized.EspressoParametrizedClassParameterizedNamed" time="0.858" />
  <testcase name="clickRightButton[2: exception exception]" classname="com.example.test_app.parametrized.EspressoParametrizedClassParameterizedNamed" time="0.809" />
</testsuite>