<?xml version='1.0' encoding='UTF-8' ?>
<testsuites>
  <testsuite name="NexusLowRes-28-en-portrait" tests="8" failures="3" flakes="0" errors="0" skipped="0" time="20.735" timestamp="2020-06-10T22:53:51" hostname="localhost">
    <testcase name="null" classname="toast) [0]" time="2.051">
      <failure>java.lang.ClassNotFoundException: Invalid name:  toast) [0]
at java.lang.Class.classForName(Native Method)
at java.lang.Class.forName(Class.java:453)
at androidx.test.internal.runner.TestLoader.doCreateRunner(TestLoader.java:72)
at androidx.test.internal.runner.TestLoader.getRunnersFor(TestLoader.java:104)
at androidx.test.internal.runner.TestRequestBuilder.build(TestRequestBuilder.java:793)
at androidx.test.runner.AndroidJUnitRunner.buildRequest(AndroidJUnitRunner.java:547)
at androidx.test.runner.AndroidJUnitRunner.onStart(AndroidJUnitRunner.java:390)
at android.app.Instrumentation$InstrumentationThread.run(Instrumentation.java:2145)
</failure>
      <webLink>https://console.firebase.google.com/project/flank-open-source/testlab/histories/bh.da0c237aaa33732/matrices/6071600087750793058/executions/bs.1d4f14be3d543883/testcases/6</webLink>
    </testcase>
    <testcase name="null" classname="alert) [1]" time="2.051">
      <failure>java.lang.ClassNotFoundException: Invalid name:  alert) [1]
at java.lang.Class.classForName(Native Method)
at java.lang.Class.forName(Class.java:453)
at androidx.test.internal.runner.TestLoader.doCreateRunner(TestLoader.java:72)
at androidx.test.internal.runner.TestLoader.getRunnersFor(TestLoader.java:104)
at androidx.test.internal.runner.TestRequestBuilder.build(TestRequestBuilder.java:793)
at androidx.test.runner.AndroidJUnitRunner.buildRequest(AndroidJUnitRunner.java:547)
at androidx.test.runner.AndroidJUnitRunner.onStart(AndroidJUnitRunner.java:390)
at android.app.Instrumentation$InstrumentationThread.run(Instrumentation.java:2145)
</failure>
      <webLink>https://console.firebase.google.com/project/flank-open-source/testlab/histories/bh.da0c237aaa33732/matrices/6071600087750793058/executions/bs.1d4f14be3d543883/testcases/7</webLink>
    </testcase>
    <testcase name="null" classname="exception) [2]" time="2.051">
      <failure>java.lang.ClassNotFoundException: Invalid name:  exception) [2]
at java.lang.Class.classForName(Native Method)
at java.lang.Class.forName(Class.java:453)
at androidx.test.internal.runner.TestLoader.doCreateRunner(TestLoader.java:72)
at androidx.test.internal.runner.TestLoader.getRunnersFor(TestLoader.java:104)
at androidx.test.internal.runner.TestRequestBuilder.build(TestRequestBuilder.java:793)
at androidx.test.runner.AndroidJUnitRunner.buildRequest(AndroidJUnitRunner.java:547)
at androidx.test.runner.AndroidJUnitRunner.onStart(AndroidJUnitRunner.java:390)
at android.app.Instrumentation$InstrumentationThread.run(Instrumentation.java:2145)
</failure>
      <webLink>https://console.firebase.google.com/project/flank-open-source/testlab/histories/bh.da0c237aaa33732/matrices/6071600087750793058/executions/bs.1d4f14be3d543883/testcases/8</webLink>
    </testcase>
    <testcase name="test0" classname="com.example.test_app.InstrumentedTest" time="3.015"/>
    <testcase name="test1" classname="com.example.test_app.InstrumentedTest" time="2.909"/>
    <testcase name="test2" classname="com.example.test_app.InstrumentedTest" time="2.887"/>
    <testcase name="testBar" classname="com.example.test_app.bar.BarInstrumentedTest" time="2.884"/>
    <testcase name="testFoo" classname="com.example.test_app.foo.FooInstrumentedTest" time="2.884"/>
  </testsuite>
</testsuites>
